<?xml version="1.0" encoding="UTF-8"?>
<testng-results ignored="0" total="1" passed="1" failed="0" skipped="0">
  <reporter-output>
  </reporter-output>
  <suite started-at="2023-01-19T11:58:28 IST" name="Default suite" finished-at="2023-01-19T11:58:48 IST" duration-ms="19725">
    <groups>
    </groups>
    <test started-at="2023-01-19T11:58:28 IST" name="Default test" finished-at="2023-01-19T11:58:48 IST" duration-ms="19725">
      <class name="automationScripts.TestCase1">
        <test-method is-config="true" signature="openApp()[pri:0, instance:automationScripts.TestCase1@29d89d5d]" started-at="2023-01-19T11:58:28 IST" name="openApp" finished-at="2023-01-19T11:58:41 IST" duration-ms="13131" status="PASS">
          <reporter-output>
          </reporter-output>
        </test-method> <!-- openApp -->
        <test-method signature="testCase1()[pri:0, instance:automationScripts.TestCase1@29d89d5d]" started-at="2023-01-19T11:58:41 IST" name="testCase1" finished-at="2023-01-19T11:58:48 IST" duration-ms="6348" status="PASS">
          <reporter-output>
          </reporter-output>
        </test-method> <!-- testCase1 -->
        <test-method is-config="true" signature="closeApp()[pri:0, instance:automationScripts.TestCase1@29d89d5d]" started-at="2023-01-19T11:58:48 IST" name="closeApp" finished-at="2023-01-19T11:58:48 IST" duration-ms="199" status="PASS">
          <reporter-output>
          </reporter-output>
        </test-method> <!-- closeApp -->
      </class> <!-- automationScripts.TestCase1 -->
    </test> <!-- Default test -->
  </suite> <!-- Default suite -->
</testng-results>
